  scene_game.cpp
C:\Users\2210338\OneDrive - yamaguchigakuen\デスクトップ\SIC\SIC-tentative\SIC\SourceCode\scene_game.cpp(110,10): warning C4244: '=': 'float' から 'int' への変換です。データが失われる可能性があります。
C:\Users\2210338\OneDrive - yamaguchigakuen\デスクトップ\SIC\SIC-tentative\SIC\SourceCode\scene_game.cpp(203,17): warning C4244: '=': 'int' から 'float' への変換です。データが失われる可能性があります。
C:\Users\2210338\OneDrive - yamaguchigakuen\デスクトップ\SIC\SIC-tentative\SIC\SourceCode\scene_game.cpp(204,17): warning C4244: '=': 'int' から 'float' への変換です。データが失われる可能性があります。
C:\Users\2210338\OneDrive - yamaguchigakuen\デスクトップ\SIC\SIC-tentative\SIC\SourceCode\scene_game.cpp(282,36): warning C4244: '=': 'float' から 'int' への変換です。データが失われる可能性があります。
C:\Users\2210338\OneDrive - yamaguchigakuen\デスクトップ\SIC\SIC-tentative\SIC\SourceCode\scene_game.cpp(283,35): warning C4244: '=': 'float' から 'int' への変換です。データが失われる可能性があります。
C:\Users\2210338\OneDrive - yamaguchigakuen\デスクトップ\SIC\SIC-tentative\SIC\SourceCode\scene_game.cpp(462,5): warning C4244: '引数': 'int' から 'float' への変換です。データが失われる可能性があります。
C:\Users\2210338\OneDrive - yamaguchigakuen\デスクトップ\SIC\SIC-tentative\SIC\SourceCode\scene_game.cpp(461,13): warning C4244: '引数': 'int' から 'float' への変換です。データが失われる可能性があります。
C:\Users\2210338\OneDrive - yamaguchigakuen\デスクトップ\SIC\SIC-tentative\SIC\SourceCode\scene_game.cpp(461,5): warning C4244: '引数': 'int' から 'float' への変換です。データが失われる可能性があります。
C:\Users\2210338\OneDrive - yamaguchigakuen\デスクトップ\SIC\SIC-tentative\SIC\SourceCode\scene_game.cpp(457,13): warning C4244: '引数': 'int' から 'float' への変換です。データが失われる可能性があります。
C:\Users\2210338\OneDrive - yamaguchigakuen\デスクトップ\SIC\SIC-tentative\SIC\SourceCode\scene_game.cpp(457,5): warning C4244: '引数': 'int' から 'float' への変換です。データが失われる可能性があります。
C:\Users\2210338\OneDrive - yamaguchigakuen\デスクトップ\SIC\SIC-tentative\SIC\SourceCode\scene_game.cpp(484,4): warning C4305: '引数': 'double' から 'float' へ切り詰めます。
C:\Users\2210338\OneDrive - yamaguchigakuen\デスクトップ\SIC\SIC-tentative\SIC\SourceCode\scene_game.cpp(477,17): warning C4244: '引数': 'int' から 'float' への変換です。データが失われる可能性があります。
C:\Users\2210338\OneDrive - yamaguchigakuen\デスクトップ\SIC\SIC-tentative\SIC\SourceCode\scene_game.cpp(477,5): warning C4244: '引数': 'int' から 'float' への変換です。データが失われる可能性があります。
C:\Users\2210338\OneDrive - yamaguchigakuen\デスクトップ\SIC\SIC-tentative\SIC\SourceCode\scene_game.cpp(541,5): warning C4305: '引数': 'double' から 'float' へ切り詰めます。
C:\Users\2210338\OneDrive - yamaguchigakuen\デスクトップ\SIC\SIC-tentative\SIC\SourceCode\scene_game.cpp(534,6): warning C4244: '引数': 'int' から 'float' への変換です。データが失われる可能性があります。
C:\Users\2210338\OneDrive - yamaguchigakuen\デスクトップ\SIC\SIC-tentative\SIC\SourceCode\scene_game.cpp(570,5): warning C4305: '引数': 'double' から 'float' へ切り詰めます。
C:\Users\2210338\OneDrive - yamaguchigakuen\デスクトップ\SIC\SIC-tentative\SIC\SourceCode\scene_game.cpp(563,6): warning C4244: '引数': 'int' から 'float' への変換です。データが失われる可能性があります。
C:\Users\2210338\OneDrive - yamaguchigakuen\デスクトップ\SIC\SIC-tentative\SIC\SourceCode\scene_game.cpp(579,2): warning C4305: '引数': 'double' から 'float' へ切り詰めます。
C:\Users\2210338\OneDrive - yamaguchigakuen\デスクトップ\SIC\SIC-tentative\SIC\SourceCode\scene_game.cpp(594,2): warning C4305: '引数': 'double' から 'float' へ切り詰めます。
C:\Users\2210338\OneDrive - yamaguchigakuen\デスクトップ\SIC\SIC-tentative\SIC\SourceCode\scene_game.cpp(601,2): warning C4305: '引数': 'double' から 'float' へ切り詰めます。
  scene_stage.cpp
  コードを生成中...
  SIC.vcxproj -> C:\Users\2210338\OneDrive - yamaguchigakuen\デスクトップ\SIC\SIC-tentative\SIC\Debug\SIC.exe
